<?xml version="1.0" encoding="UTF-8"?>
<testng-results skipped="0" failed="0" total="20" passed="20">
  <reporter-output>
  </reporter-output>
  <suite name="Suite" duration-ms="24247" started-at="2018-12-17T10:19:57Z" finished-at="2018-12-17T10:20:21Z">
    <groups>
    </groups>
    <test name="Test" duration-ms="24247" started-at="2018-12-17T10:19:57Z" finished-at="2018-12-17T10:20:21Z">
      <class name="com.diksha.tst.testscripts.LoginAPI">
        <test-method status="PASS" signature="reportIntializer()[pri:0, instance:com.diksha.tst.testscripts.LoginAPI@a7e666]" name="reportIntializer" is-config="true" duration-ms="431" started-at="2018-12-17T15:49:57Z" finished-at="2018-12-17T15:49:57Z">
          <reporter-output>
          </reporter-output>
        </test-method> <!-- reportIntializer -->
        <test-method status="PASS" signature="userValidation(java.lang.String)[pri:0, instance:com.diksha.tst.testscripts.LoginAPI@a7e666]" name="userValidation" duration-ms="3848" started-at="2018-12-17T15:49:59Z" data-provider="logindata" finished-at="2018-12-17T15:50:03Z">
          <params>
            <param index="0">
              <value>
                <![CDATA[Bharat]]>
              </value>
            </param>
          </params>
          <reporter-output>
          </reporter-output>
        </test-method> <!-- userValidation -->
        <test-method status="PASS" signature="faliure(org.testng.ITestResult)[pri:0, instance:com.diksha.tst.testscripts.LoginAPI@a7e666]" name="faliure" is-config="true" duration-ms="1" started-at="2018-12-17T15:50:03Z" description="Capturing the snapshot whenever any Testcase failed with some info" finished-at="2018-12-17T15:50:03Z">
          <params>
            <param index="0">
              <value>
                <![CDATA[[TestResult name=userValidation status=SUCCESS method=LoginAPI.userValidation(java.lang.String)[pri:0, instance:com.diksha.tst.testscripts.LoginAPI@a7e666] output={null}]]]>
              </value>
            </param>
          </params>
          <reporter-output>
          </reporter-output>
        </test-method> <!-- faliure -->
        <test-method status="PASS" signature="userValidation(java.lang.String)[pri:0, instance:com.diksha.tst.testscripts.LoginAPI@a7e666]" name="userValidation" duration-ms="1141" started-at="2018-12-17T15:50:03Z" data-provider="logindata" finished-at="2018-12-17T15:50:04Z">
          <params>
            <param index="0">
              <value>
                <![CDATA[Invalid]]>
              </value>
            </param>
          </params>
          <reporter-output>
          </reporter-output>
        </test-method> <!-- userValidation -->
        <test-method status="PASS" signature="faliure(org.testng.ITestResult)[pri:0, instance:com.diksha.tst.testscripts.LoginAPI@a7e666]" name="faliure" is-config="true" duration-ms="1" started-at="2018-12-17T15:50:04Z" description="Capturing the snapshot whenever any Testcase failed with some info" finished-at="2018-12-17T15:50:04Z">
          <params>
            <param index="0">
              <value>
                <![CDATA[[TestResult name=userValidation status=SUCCESS method=LoginAPI.userValidation(java.lang.String)[pri:0, instance:com.diksha.tst.testscripts.LoginAPI@a7e666] output={null}]]]>
              </value>
            </param>
          </params>
          <reporter-output>
          </reporter-output>
        </test-method> <!-- faliure -->
        <test-method status="PASS" signature="userValidation(java.lang.String)[pri:0, instance:com.diksha.tst.testscripts.LoginAPI@a7e666]" name="userValidation" duration-ms="1024" started-at="2018-12-17T15:50:04Z" data-provider="logindata" finished-at="2018-12-17T15:50:05Z">
          <params>
            <param index="0">
              <value>
                <![CDATA[Spurthi.sb]]>
              </value>
            </param>
          </params>
          <reporter-output>
          </reporter-output>
        </test-method> <!-- userValidation -->
        <test-method status="PASS" signature="faliure(org.testng.ITestResult)[pri:0, instance:com.diksha.tst.testscripts.LoginAPI@a7e666]" name="faliure" is-config="true" duration-ms="0" started-at="2018-12-17T15:50:05Z" description="Capturing the snapshot whenever any Testcase failed with some info" finished-at="2018-12-17T15:50:05Z">
          <params>
            <param index="0">
              <value>
                <![CDATA[[TestResult name=userValidation status=SUCCESS method=LoginAPI.userValidation(java.lang.String)[pri:0, instance:com.diksha.tst.testscripts.LoginAPI@a7e666] output={null}]]]>
              </value>
            </param>
          </params>
          <reporter-output>
          </reporter-output>
        </test-method> <!-- faliure -->
        <test-method status="PASS" signature="userValidation(java.lang.String)[pri:0, instance:com.diksha.tst.testscripts.LoginAPI@a7e666]" name="userValidation" duration-ms="1852" started-at="2018-12-17T15:50:05Z" data-provider="logindata" finished-at="2018-12-17T15:50:07Z">
          <params>
            <param index="0">
              <value>
                <![CDATA[Pooja.prabhu]]>
              </value>
            </param>
          </params>
          <reporter-output>
          </reporter-output>
        </test-method> <!-- userValidation -->
        <test-method status="PASS" signature="faliure(org.testng.ITestResult)[pri:0, instance:com.diksha.tst.testscripts.LoginAPI@a7e666]" name="faliure" is-config="true" duration-ms="0" started-at="2018-12-17T15:50:07Z" description="Capturing the snapshot whenever any Testcase failed with some info" finished-at="2018-12-17T15:50:07Z">
          <params>
            <param index="0">
              <value>
                <![CDATA[[TestResult name=userValidation status=SUCCESS method=LoginAPI.userValidation(java.lang.String)[pri:0, instance:com.diksha.tst.testscripts.LoginAPI@a7e666] output={null}]]]>
              </value>
            </param>
          </params>
          <reporter-output>
          </reporter-output>
        </test-method> <!-- faliure -->
        <test-method status="PASS" signature="userValidation(java.lang.String)[pri:0, instance:com.diksha.tst.testscripts.LoginAPI@a7e666]" name="userValidation" duration-ms="907" started-at="2018-12-17T15:50:07Z" data-provider="logindata" finished-at="2018-12-17T15:50:08Z">
          <params>
            <param index="0">
              <value>
                <![CDATA[Anupama.srivastava]]>
              </value>
            </param>
          </params>
          <reporter-output>
          </reporter-output>
        </test-method> <!-- userValidation -->
        <test-method status="PASS" signature="userValidation(java.lang.String)[pri:0, instance:com.diksha.tst.testscripts.LoginAPI@a7e666]" name="userValidation" duration-ms="836" started-at="2018-12-17T15:50:08Z" data-provider="logindata" finished-at="2018-12-17T15:50:09Z">
          <params>
            <param index="0">
              <value>
                <![CDATA[Qwerty]]>
              </value>
            </param>
          </params>
          <reporter-output>
          </reporter-output>
        </test-method> <!-- userValidation -->
        <test-method status="PASS" signature="faliure(org.testng.ITestResult)[pri:0, instance:com.diksha.tst.testscripts.LoginAPI@a7e666]" name="faliure" is-config="true" duration-ms="0" started-at="2018-12-17T15:50:08Z" description="Capturing the snapshot whenever any Testcase failed with some info" finished-at="2018-12-17T15:50:08Z">
          <params>
            <param index="0">
              <value>
                <![CDATA[[TestResult name=userValidation status=SUCCESS method=LoginAPI.userValidation(java.lang.String)[pri:0, instance:com.diksha.tst.testscripts.LoginAPI@a7e666] output={null}]]]>
              </value>
            </param>
          </params>
          <reporter-output>
          </reporter-output>
        </test-method> <!-- faliure -->
        <test-method status="PASS" signature="userValidation(java.lang.String)[pri:0, instance:com.diksha.tst.testscripts.LoginAPI@a7e666]" name="userValidation" duration-ms="1102" started-at="2018-12-17T15:50:09Z" data-provider="logindata" finished-at="2018-12-17T15:50:10Z">
          <params>
            <param index="0">
              <value>
                <![CDATA[umesh]]>
              </value>
            </param>
          </params>
          <reporter-output>
          </reporter-output>
        </test-method> <!-- userValidation -->
        <test-method status="PASS" signature="faliure(org.testng.ITestResult)[pri:0, instance:com.diksha.tst.testscripts.LoginAPI@a7e666]" name="faliure" is-config="true" duration-ms="0" started-at="2018-12-17T15:50:09Z" description="Capturing the snapshot whenever any Testcase failed with some info" finished-at="2018-12-17T15:50:09Z">
          <params>
            <param index="0">
              <value>
                <![CDATA[[TestResult name=userValidation status=SUCCESS method=LoginAPI.userValidation(java.lang.String)[pri:0, instance:com.diksha.tst.testscripts.LoginAPI@a7e666] output={null}]]]>
              </value>
            </param>
          </params>
          <reporter-output>
          </reporter-output>
        </test-method> <!-- faliure -->
        <test-method status="PASS" signature="faliure(org.testng.ITestResult)[pri:0, instance:com.diksha.tst.testscripts.LoginAPI@a7e666]" name="faliure" is-config="true" duration-ms="0" started-at="2018-12-17T15:50:10Z" description="Capturing the snapshot whenever any Testcase failed with some info" finished-at="2018-12-17T15:50:10Z">
          <params>
            <param index="0">
              <value>
                <![CDATA[[TestResult name=userValidation status=SUCCESS method=LoginAPI.userValidation(java.lang.String)[pri:0, instance:com.diksha.tst.testscripts.LoginAPI@a7e666] output={null}]]]>
              </value>
            </param>
          </params>
          <reporter-output>
          </reporter-output>
        </test-method> <!-- faliure -->
        <test-method status="PASS" signature="userValidation(java.lang.String)[pri:0, instance:com.diksha.tst.testscripts.LoginAPI@a7e666]" name="userValidation" duration-ms="1015" started-at="2018-12-17T15:50:10Z" data-provider="logindata" finished-at="2018-12-17T15:50:11Z">
          <params>
            <param index="0">
              <value>
                <![CDATA[Shambhavi]]>
              </value>
            </param>
          </params>
          <reporter-output>
          </reporter-output>
        </test-method> <!-- userValidation -->
        <test-method status="PASS" signature="userValidation(java.lang.String)[pri:0, instance:com.diksha.tst.testscripts.LoginAPI@a7e666]" name="userValidation" duration-ms="923" started-at="2018-12-17T15:50:11Z" data-provider="logindata" finished-at="2018-12-17T15:50:12Z">
          <params>
            <param index="0">
              <value>
                <![CDATA[Spurthi.sb]]>
              </value>
            </param>
          </params>
          <reporter-output>
          </reporter-output>
        </test-method> <!-- userValidation -->
        <test-method status="PASS" signature="faliure(org.testng.ITestResult)[pri:0, instance:com.diksha.tst.testscripts.LoginAPI@a7e666]" name="faliure" is-config="true" duration-ms="0" started-at="2018-12-17T15:50:11Z" description="Capturing the snapshot whenever any Testcase failed with some info" finished-at="2018-12-17T15:50:11Z">
          <params>
            <param index="0">
              <value>
                <![CDATA[[TestResult name=userValidation status=SUCCESS method=LoginAPI.userValidation(java.lang.String)[pri:0, instance:com.diksha.tst.testscripts.LoginAPI@a7e666] output={null}]]]>
              </value>
            </param>
          </params>
          <reporter-output>
          </reporter-output>
        </test-method> <!-- faliure -->
        <test-method status="PASS" signature="userValidation(java.lang.String)[pri:0, instance:com.diksha.tst.testscripts.LoginAPI@a7e666]" name="userValidation" duration-ms="1783" started-at="2018-12-17T15:50:12Z" data-provider="logindata" finished-at="2018-12-17T15:50:14Z">
          <params>
            <param index="0">
              <value>
                <![CDATA[Manjunatha.m]]>
              </value>
            </param>
          </params>
          <reporter-output>
          </reporter-output>
        </test-method> <!-- userValidation -->
        <test-method status="PASS" signature="faliure(org.testng.ITestResult)[pri:0, instance:com.diksha.tst.testscripts.LoginAPI@a7e666]" name="faliure" is-config="true" duration-ms="0" started-at="2018-12-17T15:50:12Z" description="Capturing the snapshot whenever any Testcase failed with some info" finished-at="2018-12-17T15:50:12Z">
          <params>
            <param index="0">
              <value>
                <![CDATA[[TestResult name=userValidation status=SUCCESS method=LoginAPI.userValidation(java.lang.String)[pri:0, instance:com.diksha.tst.testscripts.LoginAPI@a7e666] output={null}]]]>
              </value>
            </param>
          </params>
          <reporter-output>
          </reporter-output>
        </test-method> <!-- faliure -->
        <test-method status="PASS" signature="userValidation(java.lang.String)[pri:0, instance:com.diksha.tst.testscripts.LoginAPI@a7e666]" name="userValidation" duration-ms="1178" started-at="2018-12-17T15:50:14Z" data-provider="logindata" finished-at="2018-12-17T15:50:15Z">
          <params>
            <param index="0">
              <value>
                <![CDATA[Kanak.priya]]>
              </value>
            </param>
          </params>
          <reporter-output>
          </reporter-output>
        </test-method> <!-- userValidation -->
        <test-method status="PASS" signature="faliure(org.testng.ITestResult)[pri:0, instance:com.diksha.tst.testscripts.LoginAPI@a7e666]" name="faliure" is-config="true" duration-ms="0" started-at="2018-12-17T15:50:14Z" description="Capturing the snapshot whenever any Testcase failed with some info" finished-at="2018-12-17T15:50:14Z">
          <params>
            <param index="0">
              <value>
                <![CDATA[[TestResult name=userValidation status=SUCCESS method=LoginAPI.userValidation(java.lang.String)[pri:0, instance:com.diksha.tst.testscripts.LoginAPI@a7e666] output={null}]]]>
              </value>
            </param>
          </params>
          <reporter-output>
          </reporter-output>
        </test-method> <!-- faliure -->
        <test-method status="PASS" signature="faliure(org.testng.ITestResult)[pri:0, instance:com.diksha.tst.testscripts.LoginAPI@a7e666]" name="faliure" is-config="true" duration-ms="0" started-at="2018-12-17T15:50:15Z" description="Capturing the snapshot whenever any Testcase failed with some info" finished-at="2018-12-17T15:50:15Z">
          <params>
            <param index="0">
              <value>
                <![CDATA[[TestResult name=userValidation status=SUCCESS method=LoginAPI.userValidation(java.lang.String)[pri:0, instance:com.diksha.tst.testscripts.LoginAPI@a7e666] output={null}]]]>
              </value>
            </param>
          </params>
          <reporter-output>
          </reporter-output>
        </test-method> <!-- faliure -->
        <test-method status="PASS" signature="userValidation(java.lang.String)[pri:0, instance:com.diksha.tst.testscripts.LoginAPI@a7e666]" name="userValidation" duration-ms="606" started-at="2018-12-17T15:50:15Z" data-provider="logindata" finished-at="2018-12-17T15:50:16Z">
          <params>
            <param index="0">
              <value>
                <![CDATA[NotanUser]]>
              </value>
            </param>
          </params>
          <reporter-output>
          </reporter-output>
        </test-method> <!-- userValidation -->
        <test-method status="PASS" signature="userValidation(java.lang.String)[pri:0, instance:com.diksha.tst.testscripts.LoginAPI@a7e666]" name="userValidation" duration-ms="841" started-at="2018-12-17T15:50:16Z" data-provider="logindata" finished-at="2018-12-17T15:50:16Z">
          <params>
            <param index="0">
              <value>
                <![CDATA[Mohit.garg]]>
              </value>
            </param>
          </params>
          <reporter-output>
          </reporter-output>
        </test-method> <!-- userValidation -->
        <test-method status="PASS" signature="faliure(org.testng.ITestResult)[pri:0, instance:com.diksha.tst.testscripts.LoginAPI@a7e666]" name="faliure" is-config="true" duration-ms="0" started-at="2018-12-17T15:50:16Z" description="Capturing the snapshot whenever any Testcase failed with some info" finished-at="2018-12-17T15:50:16Z">
          <params>
            <param index="0">
              <value>
                <![CDATA[[TestResult name=userValidation status=SUCCESS method=LoginAPI.userValidation(java.lang.String)[pri:0, instance:com.diksha.tst.testscripts.LoginAPI@a7e666] output={null}]]]>
              </value>
            </param>
          </params>
          <reporter-output>
          </reporter-output>
        </test-method> <!-- faliure -->
        <test-method status="PASS" signature="userValidation(java.lang.String)[pri:0, instance:com.diksha.tst.testscripts.LoginAPI@a7e666]" name="userValidation" duration-ms="1426" started-at="2018-12-17T15:50:16Z" data-provider="logindata" finished-at="2018-12-17T15:50:18Z">
          <params>
            <param index="0">
              <value>
                <![CDATA[vanaparthi.shivaprasad]]>
              </value>
            </param>
          </params>
          <reporter-output>
          </reporter-output>
        </test-method> <!-- userValidation -->
        <test-method status="PASS" signature="faliure(org.testng.ITestResult)[pri:0, instance:com.diksha.tst.testscripts.LoginAPI@a7e666]" name="faliure" is-config="true" duration-ms="0" started-at="2018-12-17T15:50:16Z" description="Capturing the snapshot whenever any Testcase failed with some info" finished-at="2018-12-17T15:50:16Z">
          <params>
            <param index="0">
              <value>
                <![CDATA[[TestResult name=userValidation status=SUCCESS method=LoginAPI.userValidation(java.lang.String)[pri:0, instance:com.diksha.tst.testscripts.LoginAPI@a7e666] output={null}]]]>
              </value>
            </param>
          </params>
          <reporter-output>
          </reporter-output>
        </test-method> <!-- faliure -->
        <test-method status="PASS" signature="faliure(org.testng.ITestResult)[pri:0, instance:com.diksha.tst.testscripts.LoginAPI@a7e666]" name="faliure" is-config="true" duration-ms="0" started-at="2018-12-17T15:50:18Z" description="Capturing the snapshot whenever any Testcase failed with some info" finished-at="2018-12-17T15:50:18Z">
          <params>
            <param index="0">
              <value>
                <![CDATA[[TestResult name=userValidation status=SUCCESS method=LoginAPI.userValidation(java.lang.String)[pri:0, instance:com.diksha.tst.testscripts.LoginAPI@a7e666] output={null}]]]>
              </value>
            </param>
          </params>
          <reporter-output>
          </reporter-output>
        </test-method> <!-- faliure -->
        <test-method status="PASS" signature="userValidation(java.lang.String)[pri:0, instance:com.diksha.tst.testscripts.LoginAPI@a7e666]" name="userValidation" duration-ms="1143" started-at="2018-12-17T15:50:18Z" data-provider="logindata" finished-at="2018-12-17T15:50:19Z">
          <params>
            <param index="0">
              <value>
                <![CDATA[abhishek]]>
              </value>
            </param>
          </params>
          <reporter-output>
          </reporter-output>
        </test-method> <!-- userValidation -->
        <test-method status="PASS" signature="faliure(org.testng.ITestResult)[pri:0, instance:com.diksha.tst.testscripts.LoginAPI@a7e666]" name="faliure" is-config="true" duration-ms="0" started-at="2018-12-17T15:50:19Z" description="Capturing the snapshot whenever any Testcase failed with some info" finished-at="2018-12-17T15:50:19Z">
          <params>
            <param index="0">
              <value>
                <![CDATA[[TestResult name=userValidation status=SUCCESS method=LoginAPI.userValidation(java.lang.String)[pri:0, instance:com.diksha.tst.testscripts.LoginAPI@a7e666] output={null}]]]>
              </value>
            </param>
          </params>
          <reporter-output>
          </reporter-output>
        </test-method> <!-- faliure -->
        <test-method status="PASS" signature="userValidation(java.lang.String)[pri:0, instance:com.diksha.tst.testscripts.LoginAPI@a7e666]" name="userValidation" duration-ms="1030" started-at="2018-12-17T15:50:19Z" data-provider="logindata" finished-at="2018-12-17T15:50:20Z">
          <params>
            <param index="0">
              <value>
                <![CDATA[pulluru.vinod]]>
              </value>
            </param>
          </params>
          <reporter-output>
          </reporter-output>
        </test-method> <!-- userValidation -->
        <test-method status="PASS" signature="faliure(org.testng.ITestResult)[pri:0, instance:com.diksha.tst.testscripts.LoginAPI@a7e666]" name="faliure" is-config="true" duration-ms="0" started-at="2018-12-17T15:50:20Z" description="Capturing the snapshot whenever any Testcase failed with some info" finished-at="2018-12-17T15:50:20Z">
          <params>
            <param index="0">
              <value>
                <![CDATA[[TestResult name=userValidation status=SUCCESS method=LoginAPI.userValidation(java.lang.String)[pri:0, instance:com.diksha.tst.testscripts.LoginAPI@a7e666] output={null}]]]>
              </value>
            </param>
          </params>
          <reporter-output>
          </reporter-output>
        </test-method> <!-- faliure -->
        <test-method status="PASS" signature="logoutValidation()[pri:0, instance:com.diksha.tst.testscripts.LoginAPI@a7e666]" name="logoutValidation" duration-ms="52" started-at="2018-12-17T15:50:20Z" finished-at="2018-12-17T15:50:20Z">
          <reporter-output>
          </reporter-output>
        </test-method> <!-- logoutValidation -->
        <test-method status="PASS" signature="faliure(org.testng.ITestResult)[pri:0, instance:com.diksha.tst.testscripts.LoginAPI@a7e666]" name="faliure" is-config="true" duration-ms="0" started-at="2018-12-17T15:50:20Z" description="Capturing the snapshot whenever any Testcase failed with some info" finished-at="2018-12-17T15:50:20Z">
          <params>
            <param index="0">
              <value>
                <![CDATA[[TestResult name=logoutValidation status=SUCCESS method=LoginAPI.logoutValidation()[pri:0, instance:com.diksha.tst.testscripts.LoginAPI@a7e666] output={null}]]]>
              </value>
            </param>
          </params>
          <reporter-output>
          </reporter-output>
        </test-method> <!-- faliure -->
        <test-method status="PASS" signature="loginStatus()[pri:0, instance:com.diksha.tst.testscripts.LoginAPI@a7e666]" name="loginStatus" duration-ms="551" started-at="2018-12-17T15:50:20Z" finished-at="2018-12-17T15:50:21Z">
          <reporter-output>
          </reporter-output>
        </test-method> <!-- loginStatus -->
        <test-method status="PASS" signature="faliure(org.testng.ITestResult)[pri:0, instance:com.diksha.tst.testscripts.LoginAPI@a7e666]" name="faliure" is-config="true" duration-ms="0" started-at="2018-12-17T15:50:21Z" description="Capturing the snapshot whenever any Testcase failed with some info" finished-at="2018-12-17T15:50:21Z">
          <params>
            <param index="0">
              <value>
                <![CDATA[[TestResult name=loginStatus status=SUCCESS method=LoginAPI.loginStatus()[pri:0, instance:com.diksha.tst.testscripts.LoginAPI@a7e666] output={null}]]]>
              </value>
            </param>
          </params>
          <reporter-output>
          </reporter-output>
        </test-method> <!-- faliure -->
        <test-method status="PASS" signature="loginAPI()[pri:0, instance:com.diksha.tst.testscripts.LoginAPI@a7e666]" name="loginAPI" duration-ms="207" started-at="2018-12-17T15:50:21Z" finished-at="2018-12-17T15:50:21Z">
          <reporter-output>
          </reporter-output>
        </test-method> <!-- loginAPI -->
        <test-method status="PASS" signature="moduleAccessValidation()[pri:0, instance:com.diksha.tst.testscripts.LoginAPI@a7e666]" name="moduleAccessValidation" duration-ms="1" started-at="2018-12-17T15:50:21Z" finished-at="2018-12-17T15:50:21Z">
          <reporter-output>
          </reporter-output>
        </test-method> <!-- moduleAccessValidation -->
        <test-method status="PASS" signature="faliure(org.testng.ITestResult)[pri:0, instance:com.diksha.tst.testscripts.LoginAPI@a7e666]" name="faliure" is-config="true" duration-ms="0" started-at="2018-12-17T15:50:21Z" description="Capturing the snapshot whenever any Testcase failed with some info" finished-at="2018-12-17T15:50:21Z">
          <params>
            <param index="0">
              <value>
                <![CDATA[[TestResult name=loginAPI status=SUCCESS method=LoginAPI.loginAPI()[pri:0, instance:com.diksha.tst.testscripts.LoginAPI@a7e666] output={null}]]]>
              </value>
            </param>
          </params>
          <reporter-output>
          </reporter-output>
        </test-method> <!-- faliure -->
        <test-method status="PASS" signature="faliure(org.testng.ITestResult)[pri:0, instance:com.diksha.tst.testscripts.LoginAPI@a7e666]" name="faliure" is-config="true" duration-ms="0" started-at="2018-12-17T15:50:21Z" description="Capturing the snapshot whenever any Testcase failed with some info" finished-at="2018-12-17T15:50:21Z">
          <params>
            <param index="0">
              <value>
                <![CDATA[[TestResult name=moduleAccessValidation status=SUCCESS method=LoginAPI.moduleAccessValidation()[pri:0, instance:com.diksha.tst.testscripts.LoginAPI@a7e666] output={null}]]]>
              </value>
            </param>
          </params>
          <reporter-output>
          </reporter-output>
        </test-method> <!-- faliure -->
        <test-method status="PASS" signature="extentreport()[pri:0, instance:com.diksha.tst.testscripts.LoginAPI@a7e666]" name="extentreport" is-config="true" duration-ms="182" started-at="2018-12-17T15:50:21Z" finished-at="2018-12-17T15:50:21Z">
          <reporter-output>
          </reporter-output>
        </test-method> <!-- extentreport -->
      </class> <!-- com.diksha.tst.testscripts.LoginAPI -->
    </test> <!-- Test -->
  </suite> <!-- Suite -->
</testng-results>
