<?xml version="1.0" encoding="UTF-8"?>
<!-- Generated by org.testng.reporters.JUnitXMLReporter -->
<testsuite hostname="akash_anand" name="Default test" tests="20" failures="0" timestamp="17 Dec 2018 06:44:36 GMT" time="39.24" errors="0">
  <testcase name="userValidation" time="6.192" classname="com.diksha.tst.TestScripts.LoginAPI"/>
  <testcase name="userValidation" time="1.255" classname="com.diksha.tst.TestScripts.LoginAPI"/>
  <testcase name="userValidation" time="2.025" classname="com.diksha.tst.TestScripts.LoginAPI"/>
  <testcase name="userValidation" time="1.161" classname="com.diksha.tst.TestScripts.LoginAPI"/>
  <testcase name="userValidation" time="1.886" classname="com.diksha.tst.TestScripts.LoginAPI"/>
  <testcase name="userValidation" time="1.932" classname="com.diksha.tst.TestScripts.LoginAPI"/>
  <testcase name="userValidation" time="0.895" classname="com.diksha.tst.TestScripts.LoginAPI"/>
  <testcase name="userValidation" time="1.957" classname="com.diksha.tst.TestScripts.LoginAPI"/>
  <testcase name="userValidation" time="4.451" classname="com.diksha.tst.TestScripts.LoginAPI"/>
  <testcase name="userValidation" time="1.178" classname="com.diksha.tst.TestScripts.LoginAPI"/>
  <testcase name="userValidation" time="4.151" classname="com.diksha.tst.TestScripts.LoginAPI"/>
  <testcase name="userValidation" time="1.82" classname="com.diksha.tst.TestScripts.LoginAPI"/>
  <testcase name="userValidation" time="0.864" classname="com.diksha.tst.TestScripts.LoginAPI"/>
  <testcase name="userValidation" time="1.175" classname="com.diksha.tst.TestScripts.LoginAPI"/>
  <testcase name="userValidation" time="2.429" classname="com.diksha.tst.TestScripts.LoginAPI"/>
  <testcase name="userValidation" time="1.091" classname="com.diksha.tst.TestScripts.LoginAPI"/>
  <testcase name="logoutValidation" time="0.402" classname="com.diksha.tst.TestScripts.LoginAPI"/>
  <testcase name="loginStatus" time="0.543" classname="com.diksha.tst.TestScripts.LoginAPI"/>
  <testcase name="loginAPI" time="0.181" classname="com.diksha.tst.TestScripts.LoginAPI"/>
  <testcase name="moduleAccessValidation" time="0.0" classname="com.diksha.tst.TestScripts.LoginAPI"/>
</testsuite> <!-- Default test -->
