<?xml version="1.0" encoding="UTF-8"?>
<!-- Generated by org.testng.reporters.JUnitXMLReporter -->
<testsuite hostname="akash_anand" name="Default test" tests="20" failures="0" timestamp="17 Dec 2018 10:18:18 GMT" time="31.07" errors="0">
  <testcase name="userValidation" time="4.468" classname="com.diksha.tst.testscripts.LoginAPI"/>
  <testcase name="userValidation" time="1.197" classname="com.diksha.tst.testscripts.LoginAPI"/>
  <testcase name="userValidation" time="1.397" classname="com.diksha.tst.testscripts.LoginAPI"/>
  <testcase name="userValidation" time="0.985" classname="com.diksha.tst.testscripts.LoginAPI"/>
  <testcase name="userValidation" time="1.49" classname="com.diksha.tst.testscripts.LoginAPI"/>
  <testcase name="userValidation" time="0.768" classname="com.diksha.tst.testscripts.LoginAPI"/>
  <testcase name="userValidation" time="1.002" classname="com.diksha.tst.testscripts.LoginAPI"/>
  <testcase name="userValidation" time="0.91" classname="com.diksha.tst.testscripts.LoginAPI"/>
  <testcase name="userValidation" time="1.392" classname="com.diksha.tst.testscripts.LoginAPI"/>
  <testcase name="userValidation" time="1.703" classname="com.diksha.tst.testscripts.LoginAPI"/>
  <testcase name="userValidation" time="0.943" classname="com.diksha.tst.testscripts.LoginAPI"/>
  <testcase name="userValidation" time="0.708" classname="com.diksha.tst.testscripts.LoginAPI"/>
  <testcase name="userValidation" time="0.784" classname="com.diksha.tst.testscripts.LoginAPI"/>
  <testcase name="userValidation" time="1.418" classname="com.diksha.tst.testscripts.LoginAPI"/>
  <testcase name="userValidation" time="1.046" classname="com.diksha.tst.testscripts.LoginAPI"/>
  <testcase name="userValidation" time="5.211" classname="com.diksha.tst.testscripts.LoginAPI"/>
  <testcase name="logoutValidation" time="1.152" classname="com.diksha.tst.testscripts.LoginAPI"/>
  <testcase name="loginStatus" time="0.5" classname="com.diksha.tst.testscripts.LoginAPI"/>
  <testcase name="loginAPI" time="0.187" classname="com.diksha.tst.testscripts.LoginAPI"/>
  <testcase name="moduleAccessValidation" time="0.001" classname="com.diksha.tst.testscripts.LoginAPI"/>
</testsuite> <!-- Default test -->
